{"/home/teyim/Desktop/cs_project/react-test-setup/src/components/counter-two/Counter-two.tsx": {"path":"/home/teyim/Desktop/cs_project/react-test-setup/src/components/counter-two/Counter-two.tsx","statementMap":{"0":{"start":{"line":12,"column":2},"end":{"line":19,"column":4}},"1":{"start":{"line":16,"column":29},"end":{"line":16,"column":54}},"2":{"start":{"line":17,"column":29},"end":{"line":17,"column":54}},"3":{"start":{"line":22,"column":0},"end":{"line":22,"column":26}}},"fnMap":{"0":{"name":"CounterTwo","decl":{"start":{"line":7,"column":9},"end":{"line":7,"column":19}},"loc":{"start":{"line":11,"column":18},"end":{"line":20,"column":1}}},"1":{"name":"(anonymous_1)","decl":{"start":{"line":16,"column":23},"end":{"line":16,"column":26}},"loc":{"start":{"line":16,"column":29},"end":{"line":16,"column":54}}},"2":{"name":"(anonymous_2)","decl":{"start":{"line":17,"column":23},"end":{"line":17,"column":26}},"loc":{"start":{"line":17,"column":29},"end":{"line":17,"column":54}}}},"branchMap":{},"s":{"0":1,"1":1,"2":1,"3":1},"f":{"0":1,"1":1,"2":1},"b":{}}
,"/home/teyim/Desktop/cs_project/react-test-setup/src/components/users/Users.tsx": {"path":"/home/teyim/Desktop/cs_project/react-test-setup/src/components/users/Users.tsx","statementMap":{"0":{"start":{"line":1,"column":14},"end":{"line":11,"column":1}},"1":{"start":{"line":2,"column":2},"end":{"line":10,"column":4}},"2":{"start":{"line":13,"column":0},"end":{"line":13,"column":21}}},"fnMap":{"0":{"name":"(anonymous_0)","decl":{"start":{"line":1,"column":14},"end":{"line":1,"column":17}},"loc":{"start":{"line":1,"column":19},"end":{"line":11,"column":1}}}},"branchMap":{},"s":{"0":1,"1":2,"2":1},"f":{"0":2},"b":{}}
}
